<?xml version="1.0" encoding="UTF-8"?>
<!-- Generated by org.testng.reporters.JUnitReportReporter -->
<testsuite hostname="DESKTOP-DDAITJ6" failures="0" tests="1" name="pages.checkOut" time="39.791" errors="0" timestamp="2020-11-03T18:45:57 BDT" skipped="0">
  <testcase classname="pages.checkOut" name="searchProduct" time="39.791"/>
  <system-out/>
</testsuite> <!-- pages.checkOut -->
