<?xml version="1.0" encoding="UTF-8"?>
<!-- Generated by org.testng.reporters.JUnitReportReporter -->
<testsuite hostname="DESKTOP-DDAITJ6" failures="0" tests="1" name="pages.eSparesNews" time="12.145" errors="0" timestamp="2021-02-11T14:20:59 BDT" skipped="0">
  <testcase classname="pages.eSparesNews" name="newsForm" time="12.145"/>
  <system-out/>
</testsuite> <!-- pages.eSparesNews -->
