<?xml version="1.0" encoding="UTF-8"?>
<!-- Generated by org.testng.reporters.JUnitReportReporter -->
<testsuite hostname="DESKTOP-DDAITJ6" failures="0" tests="3" name="pages.washersDryers" time="98.730" errors="0" timestamp="2020-11-17T13:59:41 BDT" skipped="0">
  <testcase classname="pages.washersDryers" name="washersUrl" time="32.059"/>
  <system-out/>
  <testcase classname="pages.washersDryers" name="washersCategroyTitle" time="33.719"/>
  <system-out/>
  <testcase classname="pages.washersDryers" name="priceCompare" time="32.952"/>
  <system-out/>
</testsuite> <!-- pages.washersDryers -->
