<?xml version="1.0" encoding="UTF-8"?>
<!-- Generated by org.testng.reporters.JUnitReportReporter -->
<testsuite hostname="DESKTOP-DDAITJ6" failures="0" tests="1" name="pages.manageCookies" time="33.145" errors="0" timestamp="2020-12-17T17:37:52 BDT" skipped="0">
  <testcase classname="pages.manageCookies" name="allOn" time="33.145"/>
  <system-out/>
</testsuite> <!-- pages.manageCookies -->
