<?xml version="1.0" encoding="UTF-8"?>
<!-- Generated by org.testng.reporters.JUnitReportReporter -->
<testsuite hostname="DESKTOP-DDAITJ6" failures="0" tests="1" name="pages.TestNG_Demo" time="10.938" errors="0" timestamp="2020-10-28T14:53:57 BDT" skipped="0">
  <testcase classname="pages.TestNG_Demo" name="tronTitleVerification" time="10.938"/>
  <system-out/>
</testsuite> <!-- pages.TestNG_Demo -->
