<?xml version="1.0" encoding="UTF-8"?>
<!-- Generated by org.testng.reporters.JUnitReportReporter -->
<testsuite hostname="DESKTOP-DDAITJ6" failures="0" tests="1" name="pages.questions" time="24.120" errors="0" timestamp="2020-11-17T16:06:23 BDT" skipped="0">
  <testcase classname="pages.questions" name="askQuestion" time="24.120"/>
  <system-out/>
</testsuite> <!-- pages.questions -->
