<?xml version="1.0" encoding="UTF-8"?>
<!-- Generated by org.testng.reporters.JUnitReportReporter -->
<testsuite hostname="DESKTOP-DDAITJ6" failures="0" tests="40" name="pages.homePage" time="29.792" errors="1" timestamp="2020-11-17T15:51:39 BDT" skipped="39">
  <testcase classname="pages.homePage" name="setUpTest" time="29.792">
    <error message="chrome not reachable
  (Session info: chrome=86.0.4240.198)
Build info: version: &#039;3.141.59&#039;, revision: &#039;e82be7d358&#039;, time: &#039;2018-11-14T08:25:48&#039;
System info: host: &#039;DESKTOP-DDAITJ6&#039;, ip: &#039;192.168.1.124&#039;, os.name: &#039;Windows 10&#039;, os.arch: &#039;amd64&#039;, os.version: &#039;10.0&#039;, java.version: &#039;15.0.1&#039;
Driver info: org.openqa.selenium.chrome.ChromeDriver
Capabilities {acceptInsecureCerts: false, browserName: chrome, browserVersion: 86.0.4240.198, chrome: {chromedriverVersion: 86.0.4240.22 (398b0743353ff..., userDataDir: C:\Users\88015\AppData\Loca...}, goog:chromeOptions: {debuggerAddress: localhost:56331}, javascriptEnabled: true, networkConnectionEnabled: false, pageLoadStrategy: normal, platform: WINDOWS, platformName: WINDOWS, proxy: Proxy(), setWindowRect: true, strictFileInteractability: false, timeouts: {implicit: 0, pageLoad: 300000, script: 30000}, unhandledPromptBehavior: dismiss and notify, webauthn:virtualAuthenticators: true}
Session ID: 2a257fbcd5137b72c7d25352b32154fb" type="org.openqa.selenium.WebDriverException">
      <![CDATA[org.openqa.selenium.WebDriverException: chrome not reachable
  (Session info: chrome=86.0.4240.198)
Build info: version: '3.141.59', revision: 'e82be7d358', time: '2018-11-14T08:25:48'
System info: host: 'DESKTOP-DDAITJ6', ip: '192.168.1.124', os.name: 'Windows 10', os.arch: 'amd64', os.version: '10.0', java.version: '15.0.1'
Driver info: org.openqa.selenium.chrome.ChromeDriver
Capabilities {acceptInsecureCerts: false, browserName: chrome, browserVersion: 86.0.4240.198, chrome: {chromedriverVersion: 86.0.4240.22 (398b0743353ff..., userDataDir: C:\Users\88015\AppData\Loca...}, goog:chromeOptions: {debuggerAddress: localhost:56331}, javascriptEnabled: true, networkConnectionEnabled: false, pageLoadStrategy: normal, platform: WINDOWS, platformName: WINDOWS, proxy: Proxy(), setWindowRect: true, strictFileInteractability: false, timeouts: {implicit: 0, pageLoad: 300000, script: 30000}, unhandledPromptBehavior: dismiss and notify, webauthn:virtualAuthenticators: true}
Session ID: 2a257fbcd5137b72c7d25352b32154fb
at java.base/jdk.internal.reflect.NativeConstructorAccessorImpl.newInstance0(Native Method)
at java.base/jdk.internal.reflect.NativeConstructorAccessorImpl.newInstance(NativeConstructorAccessorImpl.java:64)
at java.base/jdk.internal.reflect.DelegatingConstructorAccessorImpl.newInstance(DelegatingConstructorAccessorImpl.java:45)
at java.base/java.lang.reflect.Constructor.newInstanceWithCaller(Constructor.java:500)
at java.base/java.lang.reflect.Constructor.newInstance(Constructor.java:481)
at org.openqa.selenium.remote.http.W3CHttpResponseCodec.createException(W3CHttpResponseCodec.java:187)
at org.openqa.selenium.remote.http.W3CHttpResponseCodec.decode(W3CHttpResponseCodec.java:122)
at org.openqa.selenium.remote.http.W3CHttpResponseCodec.decode(W3CHttpResponseCodec.java:49)
at org.openqa.selenium.remote.HttpCommandExecutor.execute(HttpCommandExecutor.java:158)
at org.openqa.selenium.remote.service.DriverCommandExecutor.execute(DriverCommandExecutor.java:83)
at org.openqa.selenium.remote.RemoteWebDriver.execute(RemoteWebDriver.java:552)
at org.openqa.selenium.remote.RemoteWebDriver.execute(RemoteWebDriver.java:609)
at org.openqa.selenium.remote.RemoteWebDriver$RemoteTargetLocator.alert(RemoteWebDriver.java:932)
at pages.homePage.setUpTest(homePage.java:28)
at java.base/jdk.internal.reflect.NativeMethodAccessorImpl.invoke0(Native Method)
at java.base/jdk.internal.reflect.NativeMethodAccessorImpl.invoke(NativeMethodAccessorImpl.java:64)
at java.base/jdk.internal.reflect.DelegatingMethodAccessorImpl.invoke(DelegatingMethodAccessorImpl.java:43)
at java.base/java.lang.reflect.Method.invoke(Method.java:564)
at org.testng.internal.MethodInvocationHelper.invokeMethod(MethodInvocationHelper.java:132)
at org.testng.internal.MethodInvocationHelper.invokeMethodConsideringTimeout(MethodInvocationHelper.java:61)
at org.testng.internal.ConfigInvoker.invokeConfigurationMethod(ConfigInvoker.java:366)
at org.testng.internal.ConfigInvoker.invokeConfigurations(ConfigInvoker.java:320)
at org.testng.internal.TestInvoker.runConfigMethods(TestInvoker.java:701)
at org.testng.internal.TestInvoker.invokeMethod(TestInvoker.java:527)
at org.testng.internal.TestInvoker.invokeTestMethod(TestInvoker.java:174)
at org.testng.internal.MethodRunner.runInSequence(MethodRunner.java:46)
at org.testng.internal.TestInvoker$MethodInvocationAgent.invoke(TestInvoker.java:822)
at org.testng.internal.TestInvoker.invokeTestMethods(TestInvoker.java:147)
at org.testng.internal.TestMethodWorker.invokeTestMethods(TestMethodWorker.java:146)
at org.testng.internal.TestMethodWorker.run(TestMethodWorker.java:128)
at java.base/java.util.ArrayList.forEach(ArrayList.java:1511)
at org.testng.TestRunner.privateRun(TestRunner.java:764)
at org.testng.TestRunner.run(TestRunner.java:585)
at org.testng.SuiteRunner.runTest(SuiteRunner.java:384)
at org.testng.SuiteRunner.runSequentially(SuiteRunner.java:378)
at org.testng.SuiteRunner.privateRun(SuiteRunner.java:337)
at org.testng.SuiteRunner.run(SuiteRunner.java:286)
at org.testng.SuiteRunnerWorker.runSuite(SuiteRunnerWorker.java:53)
at org.testng.SuiteRunnerWorker.run(SuiteRunnerWorker.java:96)
at org.testng.TestNG.runSuitesSequentially(TestNG.java:1218)
at org.testng.TestNG.runSuitesLocally(TestNG.java:1140)
at org.testng.TestNG.runSuites(TestNG.java:1069)
at org.testng.TestNG.run(TestNG.java:1037)
at org.testng.remote.AbstractRemoteTestNG.run(AbstractRemoteTestNG.java:115)
at org.testng.remote.RemoteTestNG.initAndRun(RemoteTestNG.java:251)
at org.testng.remote.RemoteTestNG.main(RemoteTestNG.java:77)
]]>
    </error>
  </testcase> <!-- setUpTest -->
  <system-out/>
  <testcase classname="pages.homePage" name="tronTitleVerification" time="0.000">
    <skipped/>
  </testcase> <!-- tronTitleVerification -->
  <system-out/>
  <testcase classname="pages.homePage" name="allBrand" time="0.000">
    <skipped/>
  </testcase> <!-- allBrand -->
  <system-out/>
  <testcase classname="pages.homePage" name="kitchenAppliances" time="0.000">
    <skipped/>
  </testcase> <!-- kitchenAppliances -->
  <system-out/>
  <testcase classname="pages.homePage" name="washersDryers" time="0.000">
    <skipped/>
  </testcase> <!-- washersDryers -->
  <system-out/>
  <testcase classname="pages.homePage" name="vacuumsFloorcare" time="0.000">
    <skipped/>
  </testcase> <!-- vacuumsFloorcare -->
  <system-out/>
  <testcase classname="pages.homePage" name="garden" time="0.000">
    <skipped/>
  </testcase> <!-- garden -->
  <system-out/>
  <testcase classname="pages.homePage" name="cleaningProducts" time="0.000">
    <skipped/>
  </testcase> <!-- cleaningProducts -->
  <system-out/>
  <testcase classname="pages.homePage" name="soundVision" time="0.000">
    <skipped/>
  </testcase> <!-- soundVision -->
  <system-out/>
  <testcase classname="pages.homePage" name="homeOffice" time="0.000">
    <skipped/>
  </testcase> <!-- homeOffice -->
  <system-out/>
  <testcase classname="pages.homePage" name="Offers" time="0.000">
    <skipped/>
  </testcase> <!-- Offers -->
  <system-out/>
  <testcase classname="pages.homePage" name="adviceCentre" time="0.000">
    <skipped/>
  </testcase> <!-- adviceCentre -->
  <system-out/>
  <testcase classname="pages.homePage" name="eNews" time="0.000">
    <skipped/>
  </testcase> <!-- eNews -->
  <system-out/>
  <testcase classname="pages.homePage" name="aboutUs" time="0.000">
    <skipped/>
  </testcase> <!-- aboutUs -->
  <system-out/>
  <testcase classname="pages.homePage" name="contactUs" time="0.000">
    <skipped/>
  </testcase> <!-- contactUs -->
  <system-out/>
  <testcase classname="pages.homePage" name="currency" time="0.000">
    <skipped/>
  </testcase> <!-- currency -->
  <system-out/>
  <testcase classname="pages.homePage" name="basket" time="0.000">
    <skipped/>
  </testcase> <!-- basket -->
  <system-out/>
  <testcase classname="pages.homePage" name="myAccount" time="0.000">
    <skipped/>
  </testcase> <!-- myAccount -->
  <system-out/>
  <testcase classname="pages.homePage" name="contact" time="0.000">
    <skipped/>
  </testcase> <!-- contact -->
  <system-out/>
  <testcase classname="pages.homePage" name="aboutDelivery" time="0.000">
    <skipped/>
  </testcase> <!-- aboutDelivery -->
  <system-out/>
  <testcase classname="pages.homePage" name="returnsRefunds" time="0.000">
    <skipped/>
  </testcase> <!-- returnsRefunds -->
  <system-out/>
  <testcase classname="pages.homePage" name="advice" time="0.000">
    <skipped/>
  </testcase> <!-- advice -->
  <system-out/>
  <testcase classname="pages.homePage" name="userManuals" time="0.000">
    <skipped/>
  </testcase> <!-- userManuals -->
  <system-out/>
  <testcase classname="pages.homePage" name="modelNumberFinder" time="0.000">
    <skipped/>
  </testcase> <!-- modelNumberFinder -->
  <system-out/>
  <testcase classname="pages.homePage" name="helpMeFindMyPart" time="0.000">
    <skipped/>
  </testcase> <!-- helpMeFindMyPart -->
  <system-out/>
  <testcase classname="pages.homePage" name="cookieSettings" time="0.000">
    <skipped/>
  </testcase> <!-- cookieSettings -->
  <system-out/>
  <testcase classname="pages.homePage" name="privacyPolicy" time="0.000">
    <skipped/>
  </testcase> <!-- privacyPolicy -->
  <system-out/>
  <testcase classname="pages.homePage" name="termsConditions" time="0.000">
    <skipped/>
  </testcase> <!-- termsConditions -->
  <system-out/>
  <testcase classname="pages.homePage" name="siteMap" time="0.000">
    <skipped/>
  </testcase> <!-- siteMap -->
  <system-out/>
  <testcase classname="pages.homePage" name="everythingYouEver" time="0.000">
    <skipped/>
  </testcase> <!-- everythingYouEver -->
  <system-out/>
  <testcase classname="pages.homePage" name="fb" time="0.000">
    <skipped/>
  </testcase> <!-- fb -->
  <system-out/>
  <testcase classname="pages.homePage" name="twitter" time="0.000">
    <skipped/>
  </testcase> <!-- twitter -->
  <system-out/>
  <testcase classname="pages.homePage" name="youTube" time="0.000">
    <skipped/>
  </testcase> <!-- youTube -->
  <system-out/>
  <testcase classname="pages.homePage" name="blog" time="0.000">
    <skipped/>
  </testcase> <!-- blog -->
  <system-out/>
  <testcase classname="pages.homePage" name="ireland" time="0.000">
    <skipped/>
  </testcase> <!-- ireland -->
  <system-out/>
  <testcase classname="pages.homePage" name="austria" time="0.000">
    <skipped/>
  </testcase> <!-- austria -->
  <system-out/>
  <testcase classname="pages.homePage" name="france" time="0.000">
    <skipped/>
  </testcase> <!-- france -->
  <system-out/>
  <testcase classname="pages.homePage" name="germany" time="0.000">
    <skipped/>
  </testcase> <!-- germany -->
  <system-out/>
  <testcase classname="pages.homePage" name="italy" time="0.000">
    <skipped/>
  </testcase> <!-- italy -->
  <system-out/>
  <testcase classname="pages.homePage" name="spain" time="0.000">
    <skipped/>
  </testcase> <!-- spain -->
  <system-out/>
</testsuite> <!-- pages.homePage -->
