<?xml version="1.0" encoding="UTF-8"?>
<!-- Generated by org.testng.reporters.JUnitReportReporter -->
<testsuite hostname="DESKTOP-DDAITJ6" failures="0" tests="1" name="pages.productPage" time="31.035" errors="0" timestamp="2020-11-03T17:19:42 BDT" skipped="0">
  <testcase classname="pages.productPage" name="searchProduct" time="31.035"/>
  <system-out/>
</testsuite> <!-- pages.productPage -->
