<?xml version="1.0" encoding="UTF-8"?>
<!-- Generated by org.testng.reporters.JUnitReportReporter -->
<testsuite hostname="DESKTOP-DDAITJ6" failures="0" tests="1" name="pages.homepage_backups" time="186.210" errors="0" timestamp="2020-12-31T20:37:36 BDT" skipped="0">
  <testcase classname="pages.homepage_backups" name="linkCount" time="186.210"/>
  <system-out/>
</testsuite> <!-- pages.homepage_backups -->
