<?xml version="1.0" encoding="UTF-8"?>
<!-- Generated by org.testng.reporters.JUnitReportReporter -->
<testsuite hostname="DESKTOP-DDAITJ6" failures="0" tests="1" name="pages.manageCookies" time="26.896" errors="0" timestamp="2020-11-19T17:50:04 BDT" skipped="0">
  <testcase classname="pages.manageCookies" name="gardenUrl" time="26.896"/>
  <system-out/>
</testsuite> <!-- pages.manageCookies -->
