<?xml version="1.0" encoding="UTF-8"?>
<!-- Generated by org.testng.reporters.JUnitReportReporter -->
<testsuite hostname="DESKTOP-DDAITJ6" failures="0" tests="1" name="pages.checkOut" time="83.550" errors="0" timestamp="2020-11-17T20:09:04 BDT" skipped="0">
  <testcase classname="pages.checkOut" name="searchProduct" time="83.550"/>
  <system-out/>
</testsuite> <!-- pages.checkOut -->
