<?xml version="1.0" encoding="UTF-8"?>
<!-- Generated by org.testng.reporters.JUnitReportReporter -->
<testsuite hostname="DESKTOP-DDAITJ6" failures="0" tests="34" name="pages.Tron_Homepage" time="427.814" errors="2" timestamp="2020-11-02T20:48:42 BDT" skipped="16">
  <testcase classname="pages.Tron_Homepage" name="setUpTest" time="70.769">
    <error message="timeout: Timed out receiving message from renderer: 28.493
  (Session info: chrome=86.0.4240.111)
Build info: version: &#039;3.141.59&#039;, revision: &#039;e82be7d358&#039;, time: &#039;2018-11-14T08:25:48&#039;
System info: host: &#039;DESKTOP-DDAITJ6&#039;, ip: &#039;192.168.1.108&#039;, os.name: &#039;Windows 10&#039;, os.arch: &#039;amd64&#039;, os.version: &#039;10.0&#039;, java.version: &#039;14.0.2&#039;
Driver info: org.openqa.selenium.chrome.ChromeDriver
Capabilities {acceptInsecureCerts: false, browserName: chrome, browserVersion: 86.0.4240.111, chrome: {chromedriverVersion: 86.0.4240.22 (398b0743353ff..., userDataDir: C:\Users\88015\AppData\Loca...}, goog:chromeOptions: {debuggerAddress: localhost:62224}, javascriptEnabled: true, networkConnectionEnabled: false, pageLoadStrategy: normal, platform: WINDOWS, platformName: WINDOWS, proxy: Proxy(), setWindowRect: true, strictFileInteractability: false, timeouts: {implicit: 0, pageLoad: 300000, script: 30000}, unhandledPromptBehavior: dismiss and notify, webauthn:virtualAuthenticators: true}
Session ID: c29e17909a0fc5cccefef155f34ad1b5" type="org.openqa.selenium.TimeoutException">
      <![CDATA[org.openqa.selenium.TimeoutException: timeout: Timed out receiving message from renderer: 28.493
  (Session info: chrome=86.0.4240.111)
Build info: version: '3.141.59', revision: 'e82be7d358', time: '2018-11-14T08:25:48'
System info: host: 'DESKTOP-DDAITJ6', ip: '192.168.1.108', os.name: 'Windows 10', os.arch: 'amd64', os.version: '10.0', java.version: '14.0.2'
Driver info: org.openqa.selenium.chrome.ChromeDriver
Capabilities {acceptInsecureCerts: false, browserName: chrome, browserVersion: 86.0.4240.111, chrome: {chromedriverVersion: 86.0.4240.22 (398b0743353ff..., userDataDir: C:\Users\88015\AppData\Loca...}, goog:chromeOptions: {debuggerAddress: localhost:62224}, javascriptEnabled: true, networkConnectionEnabled: false, pageLoadStrategy: normal, platform: WINDOWS, platformName: WINDOWS, proxy: Proxy(), setWindowRect: true, strictFileInteractability: false, timeouts: {implicit: 0, pageLoad: 300000, script: 30000}, unhandledPromptBehavior: dismiss and notify, webauthn:virtualAuthenticators: true}
Session ID: c29e17909a0fc5cccefef155f34ad1b5
at java.base/jdk.internal.reflect.NativeConstructorAccessorImpl.newInstance0(Native Method)
at java.base/jdk.internal.reflect.NativeConstructorAccessorImpl.newInstance(Unknown Source)
at java.base/jdk.internal.reflect.DelegatingConstructorAccessorImpl.newInstance(Unknown Source)
at java.base/java.lang.reflect.Constructor.newInstanceWithCaller(Unknown Source)
at java.base/java.lang.reflect.Constructor.newInstance(Unknown Source)
at org.openqa.selenium.remote.http.W3CHttpResponseCodec.createException(W3CHttpResponseCodec.java:187)
at org.openqa.selenium.remote.http.W3CHttpResponseCodec.decode(W3CHttpResponseCodec.java:122)
at org.openqa.selenium.remote.http.W3CHttpResponseCodec.decode(W3CHttpResponseCodec.java:49)
at org.openqa.selenium.remote.HttpCommandExecutor.execute(HttpCommandExecutor.java:158)
at org.openqa.selenium.remote.service.DriverCommandExecutor.execute(DriverCommandExecutor.java:83)
at org.openqa.selenium.remote.RemoteWebDriver.execute(RemoteWebDriver.java:552)
at org.openqa.selenium.remote.RemoteWebDriver.get(RemoteWebDriver.java:277)
at pages.Tron_Homepage.setUpTest(Tron_Homepage.java:24)
at jdk.internal.reflect.GeneratedMethodAccessor1.invoke(Unknown Source)
at java.base/jdk.internal.reflect.DelegatingMethodAccessorImpl.invoke(Unknown Source)
at java.base/java.lang.reflect.Method.invoke(Unknown Source)
at org.testng.internal.MethodInvocationHelper.invokeMethod(MethodInvocationHelper.java:132)
at org.testng.internal.MethodInvocationHelper.invokeMethodConsideringTimeout(MethodInvocationHelper.java:61)
at org.testng.internal.ConfigInvoker.invokeConfigurationMethod(ConfigInvoker.java:366)
at org.testng.internal.ConfigInvoker.invokeConfigurations(ConfigInvoker.java:320)
at org.testng.internal.TestInvoker.runConfigMethods(TestInvoker.java:701)
at org.testng.internal.TestInvoker.invokeMethod(TestInvoker.java:527)
at org.testng.internal.TestInvoker.invokeTestMethod(TestInvoker.java:174)
at org.testng.internal.MethodRunner.runInSequence(MethodRunner.java:46)
at org.testng.internal.TestInvoker$MethodInvocationAgent.invoke(TestInvoker.java:822)
at org.testng.internal.TestInvoker.invokeTestMethods(TestInvoker.java:147)
at org.testng.internal.TestMethodWorker.invokeTestMethods(TestMethodWorker.java:146)
at org.testng.internal.TestMethodWorker.run(TestMethodWorker.java:128)
at java.base/java.util.ArrayList.forEach(Unknown Source)
at org.testng.TestRunner.privateRun(TestRunner.java:764)
at org.testng.TestRunner.run(TestRunner.java:585)
at org.testng.SuiteRunner.runTest(SuiteRunner.java:384)
at org.testng.SuiteRunner.runSequentially(SuiteRunner.java:378)
at org.testng.SuiteRunner.privateRun(SuiteRunner.java:337)
at org.testng.SuiteRunner.run(SuiteRunner.java:286)
at org.testng.SuiteRunnerWorker.runSuite(SuiteRunnerWorker.java:53)
at org.testng.SuiteRunnerWorker.run(SuiteRunnerWorker.java:96)
at org.testng.TestNG.runSuitesSequentially(TestNG.java:1218)
at org.testng.TestNG.runSuitesLocally(TestNG.java:1140)
at org.testng.TestNG.runSuites(TestNG.java:1069)
at org.testng.TestNG.run(TestNG.java:1037)
at org.testng.remote.AbstractRemoteTestNG.run(AbstractRemoteTestNG.java:115)
at org.testng.remote.RemoteTestNG.initAndRun(RemoteTestNG.java:251)
at org.testng.remote.RemoteTestNG.main(RemoteTestNG.java:77)
]]>
    </error>
  </testcase> <!-- setUpTest -->
  <system-out/>
  <testcase classname="pages.Tron_Homepage" name="tronTitleVerification" time="15.148"/>
  <system-out/>
  <testcase classname="pages.Tron_Homepage" name="allBrand" time="31.377"/>
  <system-out/>
  <testcase classname="pages.Tron_Homepage" name="kitchenAppliances" time="24.309"/>
  <system-out/>
  <testcase classname="pages.Tron_Homepage" name="washersDryers" time="22.309"/>
  <system-out/>
  <testcase classname="pages.Tron_Homepage" name="vacuumsFloorcare" time="17.300"/>
  <system-out/>
  <testcase classname="pages.Tron_Homepage" name="garden" time="25.939"/>
  <system-out/>
  <testcase classname="pages.Tron_Homepage" name="cleaningProducts" time="19.933"/>
  <system-out/>
  <testcase classname="pages.Tron_Homepage" name="soundVision" time="16.186"/>
  <system-out/>
  <testcase classname="pages.Tron_Homepage" name="homeOffice" time="17.878"/>
  <system-out/>
  <testcase classname="pages.Tron_Homepage" name="Offers" time="18.787"/>
  <system-out/>
  <testcase classname="pages.Tron_Homepage" name="adviceCentre" time="35.415"/>
  <system-out/>
  <testcase classname="pages.Tron_Homepage" name="eNews" time="12.000">
    <error message="element not interactable
  (Session info: chrome=86.0.4240.111)
Build info: version: &#039;3.141.59&#039;, revision: &#039;e82be7d358&#039;, time: &#039;2018-11-14T08:25:48&#039;
System info: host: &#039;DESKTOP-DDAITJ6&#039;, ip: &#039;192.168.1.108&#039;, os.name: &#039;Windows 10&#039;, os.arch: &#039;amd64&#039;, os.version: &#039;10.0&#039;, java.version: &#039;14.0.2&#039;
Driver info: org.openqa.selenium.chrome.ChromeDriver
Capabilities {acceptInsecureCerts: false, browserName: chrome, browserVersion: 86.0.4240.111, chrome: {chromedriverVersion: 86.0.4240.22 (398b0743353ff..., userDataDir: C:\Users\88015\AppData\Loca...}, goog:chromeOptions: {debuggerAddress: localhost:61822}, javascriptEnabled: true, networkConnectionEnabled: false, pageLoadStrategy: normal, platform: WINDOWS, platformName: WINDOWS, proxy: Proxy(), setWindowRect: true, strictFileInteractability: false, timeouts: {implicit: 0, pageLoad: 300000, script: 30000}, unhandledPromptBehavior: dismiss and notify, webauthn:virtualAuthenticators: true}
Session ID: 13ad72dc5070da3ebaafc9b749180427" type="org.openqa.selenium.ElementNotInteractableException">
      <![CDATA[org.openqa.selenium.ElementNotInteractableException: element not interactable
  (Session info: chrome=86.0.4240.111)
Build info: version: '3.141.59', revision: 'e82be7d358', time: '2018-11-14T08:25:48'
System info: host: 'DESKTOP-DDAITJ6', ip: '192.168.1.108', os.name: 'Windows 10', os.arch: 'amd64', os.version: '10.0', java.version: '14.0.2'
Driver info: org.openqa.selenium.chrome.ChromeDriver
Capabilities {acceptInsecureCerts: false, browserName: chrome, browserVersion: 86.0.4240.111, chrome: {chromedriverVersion: 86.0.4240.22 (398b0743353ff..., userDataDir: C:\Users\88015\AppData\Loca...}, goog:chromeOptions: {debuggerAddress: localhost:61822}, javascriptEnabled: true, networkConnectionEnabled: false, pageLoadStrategy: normal, platform: WINDOWS, platformName: WINDOWS, proxy: Proxy(), setWindowRect: true, strictFileInteractability: false, timeouts: {implicit: 0, pageLoad: 300000, script: 30000}, unhandledPromptBehavior: dismiss and notify, webauthn:virtualAuthenticators: true}
Session ID: 13ad72dc5070da3ebaafc9b749180427
at java.base/jdk.internal.reflect.NativeConstructorAccessorImpl.newInstance0(Native Method)
at java.base/jdk.internal.reflect.NativeConstructorAccessorImpl.newInstance(Unknown Source)
at java.base/jdk.internal.reflect.DelegatingConstructorAccessorImpl.newInstance(Unknown Source)
at java.base/java.lang.reflect.Constructor.newInstanceWithCaller(Unknown Source)
at java.base/java.lang.reflect.Constructor.newInstance(Unknown Source)
at org.openqa.selenium.remote.http.W3CHttpResponseCodec.createException(W3CHttpResponseCodec.java:187)
at org.openqa.selenium.remote.http.W3CHttpResponseCodec.decode(W3CHttpResponseCodec.java:122)
at org.openqa.selenium.remote.http.W3CHttpResponseCodec.decode(W3CHttpResponseCodec.java:49)
at org.openqa.selenium.remote.HttpCommandExecutor.execute(HttpCommandExecutor.java:158)
at org.openqa.selenium.remote.service.DriverCommandExecutor.execute(DriverCommandExecutor.java:83)
at org.openqa.selenium.remote.RemoteWebDriver.execute(RemoteWebDriver.java:552)
at org.openqa.selenium.remote.RemoteWebElement.execute(RemoteWebElement.java:285)
at org.openqa.selenium.remote.RemoteWebElement.click(RemoteWebElement.java:84)
at pages.Tron_Homepage.eNews(Tron_Homepage.java:136)
at java.base/jdk.internal.reflect.NativeMethodAccessorImpl.invoke0(Native Method)
at java.base/jdk.internal.reflect.NativeMethodAccessorImpl.invoke(Unknown Source)
at java.base/jdk.internal.reflect.DelegatingMethodAccessorImpl.invoke(Unknown Source)
at java.base/java.lang.reflect.Method.invoke(Unknown Source)
at org.testng.internal.MethodInvocationHelper.invokeMethod(MethodInvocationHelper.java:132)
at org.testng.internal.TestInvoker.invokeMethod(TestInvoker.java:599)
at org.testng.internal.TestInvoker.invokeTestMethod(TestInvoker.java:174)
at org.testng.internal.MethodRunner.runInSequence(MethodRunner.java:46)
at org.testng.internal.TestInvoker$MethodInvocationAgent.invoke(TestInvoker.java:822)
at org.testng.internal.TestInvoker.invokeTestMethods(TestInvoker.java:147)
at org.testng.internal.TestMethodWorker.invokeTestMethods(TestMethodWorker.java:146)
at org.testng.internal.TestMethodWorker.run(TestMethodWorker.java:128)
at java.base/java.util.ArrayList.forEach(Unknown Source)
at org.testng.TestRunner.privateRun(TestRunner.java:764)
at org.testng.TestRunner.run(TestRunner.java:585)
at org.testng.SuiteRunner.runTest(SuiteRunner.java:384)
at org.testng.SuiteRunner.runSequentially(SuiteRunner.java:378)
at org.testng.SuiteRunner.privateRun(SuiteRunner.java:337)
at org.testng.SuiteRunner.run(SuiteRunner.java:286)
at org.testng.SuiteRunnerWorker.runSuite(SuiteRunnerWorker.java:53)
at org.testng.SuiteRunnerWorker.run(SuiteRunnerWorker.java:96)
at org.testng.TestNG.runSuitesSequentially(TestNG.java:1218)
at org.testng.TestNG.runSuitesLocally(TestNG.java:1140)
at org.testng.TestNG.runSuites(TestNG.java:1069)
at org.testng.TestNG.run(TestNG.java:1037)
at org.testng.remote.AbstractRemoteTestNG.run(AbstractRemoteTestNG.java:115)
at org.testng.remote.RemoteTestNG.initAndRun(RemoteTestNG.java:251)
at org.testng.remote.RemoteTestNG.main(RemoteTestNG.java:77)
]]>
    </error>
  </testcase> <!-- eNews -->
  <system-out/>
  <testcase classname="pages.Tron_Homepage" name="aboutUs" time="16.144"/>
  <system-out/>
  <testcase classname="pages.Tron_Homepage" name="contactUs" time="16.223"/>
  <system-out/>
  <testcase classname="pages.Tron_Homepage" name="currency" time="14.921"/>
  <system-out/>
  <testcase classname="pages.Tron_Homepage" name="basket" time="46.339"/>
  <system-out/>
  <testcase classname="pages.Tron_Homepage" name="myAccount" time="6.837"/>
  <system-out/>
  <testcase classname="pages.Tron_Homepage" name="contact" time="0.000">
    <skipped/>
  </testcase> <!-- contact -->
  <system-out/>
  <testcase classname="pages.Tron_Homepage" name="aboutDelivery" time="0.000">
    <skipped/>
  </testcase> <!-- aboutDelivery -->
  <system-out/>
  <testcase classname="pages.Tron_Homepage" name="returnsRefunds" time="0.000">
    <skipped/>
  </testcase> <!-- returnsRefunds -->
  <system-out/>
  <testcase classname="pages.Tron_Homepage" name="advice" time="0.000">
    <skipped/>
  </testcase> <!-- advice -->
  <system-out/>
  <testcase classname="pages.Tron_Homepage" name="userManuals" time="0.000">
    <skipped/>
  </testcase> <!-- userManuals -->
  <system-out/>
  <testcase classname="pages.Tron_Homepage" name="modelNumberFinder" time="0.000">
    <skipped/>
  </testcase> <!-- modelNumberFinder -->
  <system-out/>
  <testcase classname="pages.Tron_Homepage" name="helpMeFindMyPart" time="0.000">
    <skipped/>
  </testcase> <!-- helpMeFindMyPart -->
  <system-out/>
  <testcase classname="pages.Tron_Homepage" name="cookieSettings" time="0.000">
    <skipped/>
  </testcase> <!-- cookieSettings -->
  <system-out/>
  <testcase classname="pages.Tron_Homepage" name="privacyPolicy" time="0.000">
    <skipped/>
  </testcase> <!-- privacyPolicy -->
  <system-out/>
  <testcase classname="pages.Tron_Homepage" name="termsConditions" time="0.000">
    <skipped/>
  </testcase> <!-- termsConditions -->
  <system-out/>
  <testcase classname="pages.Tron_Homepage" name="siteMap" time="0.000">
    <skipped/>
  </testcase> <!-- siteMap -->
  <system-out/>
  <testcase classname="pages.Tron_Homepage" name="everythingYouEver" time="0.000">
    <skipped/>
  </testcase> <!-- everythingYouEver -->
  <system-out/>
  <testcase classname="pages.Tron_Homepage" name="fb" time="0.000">
    <skipped/>
  </testcase> <!-- fb -->
  <system-out/>
  <testcase classname="pages.Tron_Homepage" name="twitter" time="0.000">
    <skipped/>
  </testcase> <!-- twitter -->
  <system-out/>
  <testcase classname="pages.Tron_Homepage" name="youTube" time="0.000">
    <skipped/>
  </testcase> <!-- youTube -->
  <system-out/>
  <testcase classname="pages.Tron_Homepage" name="blog" time="0.000">
    <skipped/>
  </testcase> <!-- blog -->
  <system-out/>
</testsuite> <!-- pages.Tron_Homepage -->
