<?xml version="1.0" encoding="UTF-8"?>
<!-- Generated by org.testng.reporters.JUnitReportReporter -->
<testsuite hostname="DESKTOP-DDAITJ6" failures="0" tests="2" name="pages.productPage" time="63.023" errors="0" timestamp="2020-11-17T15:52:29 BDT" skipped="0">
  <testcase classname="pages.productPage" name="searchProduct" time="31.648"/>
  <system-out/>
  <testcase classname="pages.productPage" name="dropdown" time="31.375"/>
  <system-out/>
</testsuite> <!-- pages.productPage -->
