<?xml version="1.0" encoding="UTF-8"?>
<!-- Generated by org.testng.reporters.JUnitReportReporter -->
<testsuite hostname="DESKTOP-DDAITJ6" failures="0" tests="1" name="pages.testPage" time="25.191" errors="0" timestamp="2020-11-03T21:47:45 BDT" skipped="0">
  <testcase classname="pages.testPage" name="aboutDelivery" time="25.191"/>
  <system-out/>
</testsuite> <!-- pages.testPage -->
