<?xml version="1.0" encoding="UTF-8"?>
<!-- Generated by org.testng.reporters.JUnitReportReporter -->
<testsuite hostname="DESKTOP-DDAITJ6" failures="0" tests="3" name="pages.washersDryers" time="98.186" errors="0" timestamp="2020-11-13T17:20:45 BDT" skipped="0">
  <testcase classname="pages.washersDryers" name="washersUrl" time="31.477"/>
  <system-out/>
  <testcase classname="pages.washersDryers" name="washersCategroyTitle" time="33.823"/>
  <system-out/>
  <testcase classname="pages.washersDryers" name="priceCompare" time="32.886"/>
  <system-out/>
</testsuite> <!-- pages.washersDryers -->
