<?xml version="1.0" encoding="UTF-8"?>
<!-- Generated by org.testng.reporters.JUnitReportReporter -->
<testsuite hostname="DESKTOP-DDAITJ6" failures="0" tests="1" name="pages.checkOut" time="86.818" errors="0" timestamp="2020-11-16T20:40:43 BDT" skipped="0">
  <testcase classname="pages.checkOut" name="searchProduct" time="86.818"/>
  <system-out/>
</testsuite> <!-- pages.checkOut -->
