<?xml version="1.0" encoding="UTF-8"?>
<!-- Generated by org.testng.reporters.JUnitReportReporter -->
<testsuite hostname="DESKTOP-DDAITJ6" failures="0" tests="1" name="pages.checkOut" time="173.124" errors="0" timestamp="2020-11-03T21:39:37 BDT" skipped="0">
  <testcase classname="pages.checkOut" name="searchProduct" time="173.124"/>
  <system-out/>
</testsuite> <!-- pages.checkOut -->
