<?xml version="1.0" encoding="UTF-8"?>
<!-- Generated by org.testng.reporters.JUnitReportReporter -->
<testsuite hostname="DESKTOP-DDAITJ6" failures="0" tests="1" name="pages.productPage" time="30.785" errors="0" timestamp="2020-11-09T19:20:04 BDT" skipped="0">
  <testcase classname="pages.productPage" name="searchProduct" time="30.785"/>
  <system-out/>
</testsuite> <!-- pages.productPage -->
